# JRE version: Java(TM) SE Runtime Environment (8.0_171-b11) (build 1.8.0_171-b11)
# Java VM: Java HotSpot(TM) 64-Bit Server VM (25.171-b11 mixed mode bsd-amd64 compressed oops)
Heap:
 PSYoungGen      total 71168K, used 21091K [0x000000076ab00000, 0x000000076fc80000, 0x00000007c0000000)
  eden space 62464K, 20% used [0x000000076ab00000,0x000000076b76a308,0x000000076e800000)
  from space 8704K, 96% used [0x000000076f400000,0x000000076fc2e9a0,0x000000076fc80000)
  to   space 9728K, 0% used [0x000000076e980000,0x000000076e980000,0x000000076f300000)
 ParOldGen       total 175104K, used 56K [0x00000006c0000000, 0x00000006cab00000, 0x000000076ab00000)
  object space 175104K, 0% used [0x00000006c0000000,0x00000006c000e000,0x00000006cab00000)
 Metaspace       used 19746K, capacity 20038K, committed 20352K, reserved 1067008K
  class space    used 2022K, capacity 2120K, committed 2176K, reserved 1048576K
GC Heap History (10 events):
Event: 44.297 GC heap before
{Heap before GC invocations=2 (full 0):
 PSYoungGen      total 76288K, used 74170K [0x000000076ab00000, 0x0000000770000000, 0x00000007c0000000)
  eden space 65536K, 100% used [0x000000076ab00000,0x000000076eb00000,0x000000076eb00000)
  from space 10752K, 80% used [0x000000076eb00000,0x000000076f36e800,0x000000076f580000)
  to   space 10752K, 0% used [0x000000076f580000,0x000000076f580000,0x0000000770000000)
 ParOldGen       total 175104K, used 16K [0x00000006c0000000, 0x00000006cab00000, 0x000000076ab00000)
  object space 175104K, 0% used [0x00000006c0000000,0x00000006c0004000,0x00000006cab00000)
 Metaspace       used 18932K, capacity 19238K, committed 19456K, reserved 1067008K
  class space    used 1945K, capacity 2040K, committed 2048K, reserved 1048576K
Event: 44.304 GC heap after
Heap after GC invocations=2 (full 0):
 PSYoungGen      total 76288K, used 7781K [0x000000076ab00000, 0x0000000770000000, 0x00000007c0000000)
  eden space 65536K, 0% used [0x000000076ab00000,0x000000076ab00000,0x000000076eb00000)
  from space 10752K, 72% used [0x000000076f580000,0x000000076fd197b8,0x0000000770000000)
  to   space 10752K, 0% used [0x000000076eb00000,0x000000076eb00000,0x000000076f580000)
 ParOldGen       total 175104K, used 24K [0x00000006c0000000, 0x00000006cab00000, 0x000000076ab00000)
  object space 175104K, 0% used [0x00000006c0000000,0x00000006c0006000,0x00000006cab00000)
 Metaspace       used 18932K, capacity 19238K, committed 19456K, reserved 1067008K
  class space    used 1945K, capacity 2040K, committed 2048K, reserved 1048576K
}
Event: 66.330 GC heap before
{Heap before GC invocations=3 (full 0):
 PSYoungGen      total 76288K, used 73317K [0x000000076ab00000, 0x0000000770000000, 0x00000007c0000000)
  eden space 65536K, 100% used [0x000000076ab00000,0x000000076eb00000,0x000000076eb00000)
  from space 10752K, 72% used [0x000000076f580000,0x000000076fd197b8,0x0000000770000000)
  to   space 10752K, 0% used [0x000000076eb00000,0x000000076eb00000,0x000000076f580000)
 ParOldGen       total 175104K, used 24K [0x00000006c0000000, 0x00000006cab00000, 0x000000076ab00000)
  object space 175104K, 0% used [0x00000006c0000000,0x00000006c0006000,0x00000006cab00000)
 Metaspace       used 19431K, capacity 19840K, committed 20096K, reserved 1067008K
  class space    used 1988K, capacity 2119K, committed 2176K, reserved 1048576K
Event: 66.336 GC heap after
Heap after GC invocations=3 (full 0):
 PSYoungGen      total 76288K, used 8919K [0x000000076ab00000, 0x0000000770000000, 0x00000007c0000000)
  eden space 65536K, 0% used [0x000000076ab00000,0x000000076ab00000,0x000000076eb00000)
  from space 10752K, 82% used [0x000000076eb00000,0x000000076f3b5f60,0x000000076f580000)
  to   space 10752K, 0% used [0x000000076f580000,0x000000076f580000,0x0000000770000000)
 ParOldGen       total 175104K, used 32K [0x00000006c0000000, 0x00000006cab00000, 0x000000076ab00000)
  object space 175104K, 0% used [0x00000006c0000000,0x00000006c0008000,0x00000006cab00000)
 Metaspace       used 19431K, capacity 19840K, committed 20096K, reserved 1067008K
  class space    used 1988K, capacity 2119K, committed 2176K, reserved 1048576K
}
Event: 97.739 GC heap before
{Heap before GC invocations=4 (full 0):
 PSYoungGen      total 76288K, used 74455K [0x000000076ab00000, 0x0000000770000000, 0x00000007c0000000)
  eden space 65536K, 100% used [0x000000076ab00000,0x000000076eb00000,0x000000076eb00000)
  from space 10752K, 82% used [0x000000076eb00000,0x000000076f3b5f60,0x000000076f580000)
  to   space 10752K, 0% used [0x000000076f580000,0x000000076f580000,0x0000000770000000)
 ParOldGen       total 175104K, used 32K [0x00000006c0000000, 0x00000006cab00000, 0x000000076ab00000)
  object space 175104K, 0% used [0x00000006c0000000,0x00000006c0008000,0x00000006cab00000)
 Metaspace       used 19495K, capacity 19840K, committed 20096K, reserved 1067008K
  class space    used 1989K, capacity 2119K, committed 2176K, reserved 1048576K
Event: 97.744 GC heap after
Heap after GC invocations=4 (full 0):
 PSYoungGen      total 76288K, used 8725K [0x000000076ab00000, 0x0000000770000000, 0x00000007c0000000)
  eden space 65536K, 0% used [0x000000076ab00000,0x000000076ab00000,0x000000076eb00000)
  from space 10752K, 81% used [0x000000076f580000,0x000000076fe05790,0x0000000770000000)
  to   space 10752K, 0% used [0x000000076eb00000,0x000000076eb00000,0x000000076f580000)
 ParOldGen       total 175104K, used 40K [0x00000006c0000000, 0x00000006cab00000, 0x000000076ab00000)
  object space 175104K, 0% used [0x00000006c0000000,0x00000006c000a000,0x00000006cab00000)
 Metaspace       used 19495K, capacity 19840K, committed 20096K, reserved 1067008K
  class space    used 1989K, capacity 2119K, committed 2176K, reserved 1048576K
}
Event: 127.365 GC heap before
{Heap before GC invocations=5 (full 0):
 PSYoungGen      total 76288K, used 74261K [0x000000076ab00000, 0x0000000770000000, 0x00000007c0000000)
  eden space 65536K, 100% used [0x000000076ab00000,0x000000076eb00000,0x000000076eb00000)
  from space 10752K, 81% used [0x000000076f580000,0x000000076fe05790,0x0000000770000000)
  to   space 10752K, 0% used [0x000000076eb00000,0x000000076eb00000,0x000000076f580000)
 ParOldGen       total 175104K, used 40K [0x00000006c0000000, 0x00000006cab00000, 0x000000076ab00000)
  object space 175104K, 0% used [0x00000006c0000000,0x00000006c000a000,0x00000006cab00000)
 Metaspace       used 19535K, capacity 19904K, committed 20096K, reserved 1067008K
  class space    used 1992K, capacity 2119K, committed 2176K, reserved 1048576K
Event: 127.371 GC heap after
Heap after GC invocations=5 (full 0):
 PSYoungGen      total 73216K, used 8999K [0x000000076ab00000, 0x000000076fc80000, 0x00000007c0000000)
  eden space 64000K, 0% used [0x000000076ab00000,0x000000076ab00000,0x000000076e980000)
  from space 9216K, 97% used [0x000000076eb00000,0x000000076f3c9e50,0x000000076f400000)
  to   space 8704K, 0% used [0x000000076f400000,0x000000076f400000,0x000000076fc80000)
 ParOldGen       total 175104K, used 48K [0x00000006c0000000, 0x00000006cab00000, 0x000000076ab00000)
  object space 175104K, 0% used [0x00000006c0000000,0x00000006c000c000,0x00000006cab00000)
 Metaspace       used 19535K, capacity 19904K, committed 20096K, reserved 1067008K
  class space    used 1992K, capacity 2119K, committed 2176K, reserved 1048576K
}
Event: 160.429 GC heap before
{Heap before GC invocations=6 (full 0):
 PSYoungGen      total 73216K, used 72999K [0x000000076ab00000, 0x000000076fc80000, 0x00000007c0000000)
  eden space 64000K, 100% used [0x000000076ab00000,0x000000076e980000,0x000000076e980000)
  from space 9216K, 97% used [0x000000076eb00000,0x000000076f3c9e50,0x000000076f400000)
  to   space 8704K, 0% used [0x000000076f400000,0x000000076f400000,0x000000076fc80000)
 ParOldGen       total 175104K, used 48K [0x00000006c0000000, 0x00000006cab00000, 0x000000076ab00000)
  object space 175104K, 0% used [0x00000006c0000000,0x00000006c000c000,0x00000006cab00000)
 Metaspace       used 19708K, capacity 20038K, committed 20352K, reserved 1067008K
  class space    used 2016K, capacity 2120K, committed 2176K, reserved 1048576K
Event: 160.436 GC heap after
Heap after GC invocations=6 (full 0):
 PSYoungGen      total 71168K, used 8378K [0x000000076ab00000, 0x000000076fc80000, 0x00000007c0000000)
  eden space 62464K, 0% used [0x000000076ab00000,0x000000076ab00000,0x000000076e800000)
  from space 8704K, 96% used [0x000000076f400000,0x000000076fc2e9a0,0x000000076fc80000)
  to   space 9728K, 0% used [0x000000076e980000,0x000000076e980000,0x000000076f300000)
 ParOldGen       total 175104K, used 56K [0x00000006c0000000, 0x00000006cab00000, 0x000000076ab00000)
  object space 175104K, 0% used [0x00000006c0000000,0x00000006c000e000,0x00000006cab00000)
 Metaspace       used 19708K, capacity 20038K, committed 20352K, reserved 1067008K
  class space    used 2016K, capacity 2120K, committed 2176K, reserved 1048576K
}

